[DEBUG] [2017-09-25 09:40:46][org.mybatis.generator.internal.db.DatabaseIntrospector]Retrieving column information for table "t.vend_user"
[DEBUG] [2017-09-25 09:40:46][org.mybatis.generator.internal.db.DatabaseIntrospector]Found column "usercode", data type 12, in table "vendmachine..vend_user"
[DEBUG] [2017-09-25 09:40:46][org.mybatis.generator.internal.db.DatabaseIntrospector]Found column "parent_usercode", data type 12, in table "vendmachine..vend_user"
[DEBUG] [2017-09-25 09:40:46][org.mybatis.generator.internal.db.DatabaseIntrospector]Found column "username", data type 12, in table "vendmachine..vend_user"
[DEBUG] [2017-09-25 09:40:46][org.mybatis.generator.internal.db.DatabaseIntrospector]Found column "password", data type 12, in table "vendmachine..vend_user"
[DEBUG] [2017-09-25 09:40:46][org.mybatis.generator.internal.db.DatabaseIntrospector]Found column "role_id", data type 4, in table "vendmachine..vend_user"
[DEBUG] [2017-09-25 09:40:46][org.mybatis.generator.internal.db.DatabaseIntrospector]Found column "mobile", data type 12, in table "vendmachine..vend_user"
[DEBUG] [2017-09-25 09:40:46][org.mybatis.generator.internal.db.DatabaseIntrospector]Found column "address", data type 12, in table "vendmachine..vend_user"
[DEBUG] [2017-09-25 09:40:46][org.mybatis.generator.internal.db.DatabaseIntrospector]Found column "linkman", data type 12, in table "vendmachine..vend_user"
[DEBUG] [2017-09-25 09:40:46][org.mybatis.generator.internal.db.DatabaseIntrospector]Found column "wechatpub_no", data type 12, in table "vendmachine..vend_user"
[DEBUG] [2017-09-25 09:40:46][org.mybatis.generator.internal.db.DatabaseIntrospector]Found column "create_time", data type 93, in table "vendmachine..vend_user"
[DEBUG] [2017-09-25 09:40:46][org.mybatis.generator.internal.db.DatabaseIntrospector]Found column "update_time", data type 93, in table "vendmachine..vend_user"
[DEBUG] [2017-09-25 09:40:46][org.mybatis.generator.internal.db.DatabaseIntrospector]Found column "permission_list", data type 12, in table "vendmachine..vend_user"
[DEBUG] [2017-09-25 09:40:46][org.mybatis.generator.internal.db.DatabaseIntrospector]Found column "extend1", data type 12, in table "vendmachine..vend_user"
[DEBUG] [2017-09-25 09:40:46][org.mybatis.generator.internal.db.DatabaseIntrospector]Found column "extend2", data type 12, in table "vendmachine..vend_user"
[DEBUG] [2017-09-25 09:40:46][org.mybatis.generator.internal.db.DatabaseIntrospector]Found column "extend3", data type 12, in table "vendmachine..vend_user"
[DEBUG] [2017-09-25 09:40:46][org.mybatis.generator.internal.db.DatabaseIntrospector]Found column "extend4", data type 12, in table "vendmachine..vend_user"
[DEBUG] [2017-09-25 09:40:46][org.mybatis.generator.internal.db.DatabaseIntrospector]Found column "extend5", data type 12, in table "vendmachine..vend_user"
[DEBUG] [2017-09-25 09:40:46][org.mybatis.generator.internal.db.DatabaseIntrospector]Found column "extend6", data type 12, in table "vendmachine..vend_user"
[DEBUG] [2017-09-25 09:47:56][org.mybatis.generator.internal.db.DatabaseIntrospector]Retrieving column information for table "t.vend_user"
[DEBUG] [2017-09-25 09:47:56][org.mybatis.generator.internal.db.DatabaseIntrospector]Found column "usercode", data type 12, in table "vendmachine..vend_user"
[DEBUG] [2017-09-25 09:47:56][org.mybatis.generator.internal.db.DatabaseIntrospector]Found column "parent_usercode", data type 12, in table "vendmachine..vend_user"
[DEBUG] [2017-09-25 09:47:56][org.mybatis.generator.internal.db.DatabaseIntrospector]Found column "username", data type 12, in table "vendmachine..vend_user"
[DEBUG] [2017-09-25 09:47:56][org.mybatis.generator.internal.db.DatabaseIntrospector]Found column "password", data type 12, in table "vendmachine..vend_user"
[DEBUG] [2017-09-25 09:47:56][org.mybatis.generator.internal.db.DatabaseIntrospector]Found column "role_id", data type 4, in table "vendmachine..vend_user"
[DEBUG] [2017-09-25 09:47:56][org.mybatis.generator.internal.db.DatabaseIntrospector]Found column "mobile", data type 12, in table "vendmachine..vend_user"
[DEBUG] [2017-09-25 09:47:56][org.mybatis.generator.internal.db.DatabaseIntrospector]Found column "address", data type 12, in table "vendmachine..vend_user"
[DEBUG] [2017-09-25 09:47:56][org.mybatis.generator.internal.db.DatabaseIntrospector]Found column "linkman", data type 12, in table "vendmachine..vend_user"
[DEBUG] [2017-09-25 09:47:56][org.mybatis.generator.internal.db.DatabaseIntrospector]Found column "wechatpub_no", data type 12, in table "vendmachine..vend_user"
[DEBUG] [2017-09-25 09:47:56][org.mybatis.generator.internal.db.DatabaseIntrospector]Found column "create_time", data type 93, in table "vendmachine..vend_user"
[DEBUG] [2017-09-25 09:47:56][org.mybatis.generator.internal.db.DatabaseIntrospector]Found column "update_time", data type 93, in table "vendmachine..vend_user"
[DEBUG] [2017-09-25 09:47:56][org.mybatis.generator.internal.db.DatabaseIntrospector]Found column "permission_list", data type 12, in table "vendmachine..vend_user"
[DEBUG] [2017-09-25 09:47:56][org.mybatis.generator.internal.db.DatabaseIntrospector]Found column "extend1", data type 12, in table "vendmachine..vend_user"
[DEBUG] [2017-09-25 09:47:56][org.mybatis.generator.internal.db.DatabaseIntrospector]Found column "extend2", data type 12, in table "vendmachine..vend_user"
[DEBUG] [2017-09-25 09:47:56][org.mybatis.generator.internal.db.DatabaseIntrospector]Found column "extend3", data type 12, in table "vendmachine..vend_user"
[DEBUG] [2017-09-25 09:47:56][org.mybatis.generator.internal.db.DatabaseIntrospector]Found column "extend4", data type 12, in table "vendmachine..vend_user"
[DEBUG] [2017-09-25 09:47:56][org.mybatis.generator.internal.db.DatabaseIntrospector]Found column "extend5", data type 12, in table "vendmachine..vend_user"
[DEBUG] [2017-09-25 09:47:56][org.mybatis.generator.internal.db.DatabaseIntrospector]Found column "extend6", data type 12, in table "vendmachine..vend_user"
